Using pre-set license
Built from '2020.2/staging' branch; Version is '2020.2.5f1 (e2c53f129de5) revision 14861631'; Using compiler version '192528614'; Build Type 'Release'
OS: 'Windows 10 Pro; OS build 19042.928; Version 2009; 64bit' Language: 'en' Physical Memory: 16383 MB
BatchMode: 1, IsHumanControllingUs: 0, StartBugReporterOnCrash: 0, Is64bit: 1, IsPro: 0

 COMMAND LINE ARGUMENTS:
C:\Program Files\Unity\Hub\Editor\2020.2.5f1\Editor\Unity.exe
-adb2
-batchMode
-noUpm
-name
AssetImportWorker0
-projectPath
C:/Users/Ohdeymus/Documents/Unity/Ludum-Dare-48
-logFile
Logs/AssetImportWorker0.log
-srvPort
52486
Successfully changed project path to: C:/Users/Ohdeymus/Documents/Unity/Ludum-Dare-48
C:/Users/Ohdeymus/Documents/Unity/Ludum-Dare-48
Using Asset Import Pipeline V2.
Refreshing native plugins compatible for Editor in 91.18 ms, found 1 plugins.
Preloading 0 native plugins for Editor in 0.00 ms.
Initialize engine version: 2020.2.5f1 (e2c53f129de5)
[Subsystems] Discovering subsystems at path C:/Program Files/Unity/Hub/Editor/2020.2.5f1/Editor/Data/Resources/UnitySubsystems
[Subsystems] Discovering subsystems at path C:/Users/Ohdeymus/Documents/Unity/Ludum-Dare-48/Assets
GfxDevice: creating device client; threaded=0
Direct3D:
    Version:  Direct3D 11.0 [level 11.1]
    Renderer: NVIDIA GeForce GTX 1060 6GB (ID=0x1c03)
    Vendor:   
    VRAM:     6052 MB
    Driver:   27.21.14.6192
Shader 'Universal Render Pipeline/Particles/Lit': fallback shader 'Universal Render Pipeline/Particles/SimpleLit' not found
Initialize mono
Mono path[0] = 'C:/Program Files/Unity/Hub/Editor/2020.2.5f1/Editor/Data/Managed'
Mono path[1] = 'C:/Program Files/Unity/Hub/Editor/2020.2.5f1/Editor/Data/MonoBleedingEdge/lib/mono/unityjit'
Mono config path = 'C:/Program Files/Unity/Hub/Editor/2020.2.5f1/Editor/Data/MonoBleedingEdge/etc'
Using monoOptions --debugger-agent=transport=dt_socket,embedding=1,server=y,suspend=n,address=127.0.0.1:56824
Begin MonoManager ReloadAssembly
Registering precompiled unity dll's ...
Register platform support module: C:/Program Files/Unity/Hub/Editor/2020.2.5f1/Editor/Data/PlaybackEngines/WindowsStandaloneSupport/UnityEditor.WindowsStandalone.Extensions.dll
Registered in 0.003750 seconds.
Native extension for WindowsStandalone target not found
Refreshing native plugins compatible for Editor in 87.41 ms, found 1 plugins.
Preloading 0 native plugins for Editor in 0.00 ms.
Invoked RoslynAnalysisRunner static constructor.
RoslynAnalysisRunner will not be running.
RoslynAnalysisRunner has terminated.
Mono: successfully reloaded assembly
- Completed reload, in  3.112 seconds
Platform modules already initialized, skipping
Registering precompiled user dll's ...
Registered in 0.002813 seconds.
Begin MonoManager ReloadAssembly
Native extension for WindowsStandalone target not found
Refreshing native plugins compatible for Editor in 96.29 ms, found 1 plugins.
Preloading 0 native plugins for Editor in 0.00 ms.
Invoked RoslynAnalysisRunner static constructor.
RoslynAnalysisRunner will not be running.
RoslynAnalysisRunner has terminated.
Mono: successfully reloaded assembly
- Completed reload, in  1.672 seconds
Platform modules already initialized, skipping
========================================================================
Worker process is ready to serve import requests
Shader 'Universal Render Pipeline/Particles/Lit': fallback shader 'Universal Render Pipeline/Particles/SimpleLit' not found
Launched and connected shader compiler UnityShaderCompiler.exe after 0.07 seconds
Refreshing native plugins compatible for Editor in 1.04 ms, found 1 plugins.
Preloading 0 native plugins for Editor in 0.00 ms.
Unloading 2937 Unused Serialized files (Serialized files now loaded: 0)
System memory in use before: 127.9 MB.
System memory in use after: 128.0 MB.

Unloading 25 unused Assets to reduce memory usage. Loaded Objects now: 3376.
Total: 5.720000 ms (FindLiveObjects: 0.814800 ms CreateObjectMapping: 0.194600 ms MarkObjects: 4.422900 ms  DeleteObjects: 0.285000 ms)

========================================================================
Received Import Request.
  path: Assets/Sprites
  artifactKey: Guid(db2efa404e317fb4ca12bf186553aaf1) Importer(815301076,1909f56bfc062723c751e8b465ee728b)
Start importing Assets/Sprites using Guid(db2efa404e317fb4ca12bf186553aaf1) Importer(815301076,1909f56bfc062723c751e8b465ee728b)  -> (artifact id: '31b555b8aeb08c5edcf7e403da19f96d') in 0.020335 seconds
  Import took 0.029023 seconds .

========================================================================
Received Import Request.
  Time since last request: 338.845538 seconds.
  path: Assets/RenderSettings
  artifactKey: Guid(69cfaaff307654e41b4c0df7a11225b7) Importer(815301076,1909f56bfc062723c751e8b465ee728b)
Start importing Assets/RenderSettings using Guid(69cfaaff307654e41b4c0df7a11225b7) Importer(815301076,1909f56bfc062723c751e8b465ee728b)  -> (artifact id: '637440072d74133cb545969191b99ee6') in 0.017611 seconds
  Import took 0.024764 seconds .

========================================================================
Received Import Request.
  Time since last request: 0.067582 seconds.
  path: Assets/RenderSettings/2D Renderer Data.asset
  artifactKey: Guid(a9bf0ca764bd3ea4e8371d24a1bd5f98) Importer(815301076,1909f56bfc062723c751e8b465ee728b)
Start importing Assets/RenderSettings/2D Renderer Data.asset using Guid(a9bf0ca764bd3ea4e8371d24a1bd5f98) Importer(815301076,1909f56bfc062723c751e8b465ee728b)  -> (artifact id: '798bd940af073c305c6edccf23966afa') in 0.048739 seconds
  Import took 0.054828 seconds .

========================================================================
Received Import Request.
  Time since last request: 0.000270 seconds.
  path: Assets/RenderSettings/UniversalRenderPipelineAsset.asset
  artifactKey: Guid(37431e4c34deccd4aa4b8c33034db68f) Importer(815301076,1909f56bfc062723c751e8b465ee728b)
Start importing Assets/RenderSettings/UniversalRenderPipelineAsset.asset using Guid(37431e4c34deccd4aa4b8c33034db68f) Importer(815301076,1909f56bfc062723c751e8b465ee728b)  -> (artifact id: 'e0f128ac33eaf18d4a89c76a59b5fe79') in 0.008176 seconds
  Import took 0.014239 seconds .

========================================================================
Received Import Request.
  Time since last request: 51.600411 seconds.
  path: Assets/Scripts
  artifactKey: Guid(832c67459e1b4bd4f983b58f5a9d6532) Importer(815301076,1909f56bfc062723c751e8b465ee728b)
Start importing Assets/Scripts using Guid(832c67459e1b4bd4f983b58f5a9d6532) Importer(815301076,1909f56bfc062723c751e8b465ee728b)  -> (artifact id: '4911479f92bed7a36754f6f8779341f8') in 0.018338 seconds
  Import took 0.024949 seconds .

========================================================================
Received Import Request.
  Time since last request: 7.939171 seconds.
  path: Assets/Scripts/PlayerMovement.cs
  artifactKey: Guid(507739854b1782148a3f1d05f7eeea85) Importer(815301076,1909f56bfc062723c751e8b465ee728b)
Start importing Assets/Scripts/PlayerMovement.cs using Guid(507739854b1782148a3f1d05f7eeea85) Importer(815301076,1909f56bfc062723c751e8b465ee728b)  -> (artifact id: 'bce817a9bf8d9609293416d8d4d61b50') in 0.130777 seconds
  Import took 0.137382 seconds .

========================================================================
Received Prepare
Registering precompiled user dll's ...
Registered in 0.003114 seconds.
Begin MonoManager ReloadAssembly
Native extension for WindowsStandalone target not found
Refreshing native plugins compatible for Editor in 0.86 ms, found 1 plugins.
Preloading 0 native plugins for Editor in 0.00 ms.
Invoked RoslynAnalysisRunner static constructor.
RoslynAnalysisRunner will not be running.
RoslynAnalysisRunner has terminated.
Mono: successfully reloaded assembly
- Completed reload, in  1.482 seconds
Platform modules already initialized, skipping
Shader 'Universal Render Pipeline/Particles/Lit': fallback shader 'Universal Render Pipeline/Particles/SimpleLit' not found
Refreshing native plugins compatible for Editor in 0.97 ms, found 1 plugins.
Preloading 0 native plugins for Editor in 0.00 ms.
Unloading 2831 Unused Serialized files (Serialized files now loaded: 0)
System memory in use before: 122.1 MB.
System memory in use after: 122.2 MB.

Unloading 13 unused Assets to reduce memory usage. Loaded Objects now: 3382.
Total: 5.108200 ms (FindLiveObjects: 0.839900 ms CreateObjectMapping: 0.233000 ms MarkObjects: 3.792600 ms  DeleteObjects: 0.240400 ms)

========================================================================
Received Import Request.
  Time since last request: 143.175531 seconds.
  path: Packages/com.unity.render-pipelines.universal/Runtime/Materials/Lit.mat
  artifactKey: Guid(31321ba15b8f8eb4c954353edc038b1d) Importer(815301076,1909f56bfc062723c751e8b465ee728b)
Start importing Packages/com.unity.render-pipelines.universal/Runtime/Materials/Lit.mat using Guid(31321ba15b8f8eb4c954353edc038b1d) Importer(815301076,1909f56bfc062723c751e8b465ee728b)  -> (artifact id: '5e152b83e6ef52b8b2034b5fa8ad0bb3') in 0.540651 seconds
  Import took 0.547894 seconds .

========================================================================
Received Import Request.
  Time since last request: 0.000314 seconds.
  path: Packages/com.unity.render-pipelines.universal/Runtime/Materials/ParticlesUnlit.mat
  artifactKey: Guid(e823cd5b5d27c0f4b8256e7c12ee3e6d) Importer(815301076,1909f56bfc062723c751e8b465ee728b)
Start importing Packages/com.unity.render-pipelines.universal/Runtime/Materials/ParticlesUnlit.mat using Guid(e823cd5b5d27c0f4b8256e7c12ee3e6d) Importer(815301076,1909f56bfc062723c751e8b465ee728b)  -> (artifact id: 'ff992b4786c05f8945eb41185ea9c49d') in 0.036733 seconds
  Import took 0.043305 seconds .

========================================================================
Received Import Request.
  Time since last request: 0.000340 seconds.
  path: Packages/com.unity.render-pipelines.universal/Runtime/Materials/TerrainLit.mat
  artifactKey: Guid(594ea882c5a793440b60ff72d896021e) Importer(815301076,1909f56bfc062723c751e8b465ee728b)
Start importing Packages/com.unity.render-pipelines.universal/Runtime/Materials/TerrainLit.mat using Guid(594ea882c5a793440b60ff72d896021e) Importer(815301076,1909f56bfc062723c751e8b465ee728b)  -> (artifact id: 'b73305f7cec31b92408dd17db5a9a744') in 0.055855 seconds
  Import took 0.062745 seconds .

========================================================================
Received Import Request.
  Time since last request: 0.000290 seconds.
  path: Packages/com.unity.render-pipelines.universal/Runtime/Materials/ParticlesUnlit.mat
  artifactKey: Guid(e823cd5b5d27c0f4b8256e7c12ee3e6d) Importer(815301076,1909f56bfc062723c751e8b465ee728b)
Start importing Packages/com.unity.render-pipelines.universal/Runtime/Materials/ParticlesUnlit.mat using Guid(e823cd5b5d27c0f4b8256e7c12ee3e6d) Importer(815301076,1909f56bfc062723c751e8b465ee728b)  -> (artifact id: 'ff992b4786c05f8945eb41185ea9c49d') in 0.012004 seconds
  Import took 0.017722 seconds .

========================================================================
Received Import Request.
  Time since last request: 0.000255 seconds.
  path: Packages/com.unity.render-pipelines.universal/Runtime/Materials/Sprite-Unlit-Default.mat
  artifactKey: Guid(9dfc825aed78fcd4ba02077103263b40) Importer(815301076,1909f56bfc062723c751e8b465ee728b)
Start importing Packages/com.unity.render-pipelines.universal/Runtime/Materials/Sprite-Unlit-Default.mat using Guid(9dfc825aed78fcd4ba02077103263b40) Importer(815301076,1909f56bfc062723c751e8b465ee728b)  -> (artifact id: 'f803b5ae5b4455cb060e9ec2b1579056') in 0.078743 seconds
  Import took 0.085145 seconds .

========================================================================
Received Import Request.
  Time since last request: 0.000271 seconds.
  path: Packages/com.unity.render-pipelines.universal/Runtime/Materials/SimpleLit.mat
  artifactKey: Guid(6a1143ee683302f4aa628c052723efc1) Importer(815301076,1909f56bfc062723c751e8b465ee728b)
Start importing Packages/com.unity.render-pipelines.universal/Runtime/Materials/SimpleLit.mat using Guid(6a1143ee683302f4aa628c052723efc1) Importer(815301076,1909f56bfc062723c751e8b465ee728b)  -> (artifact id: '00e8706107acaeda7bc5b8ca3660961e') in 0.096342 seconds
  Import took 0.102222 seconds .

========================================================================
Received Import Request.
  Time since last request: 0.000312 seconds.
  path: Packages/com.unity.render-pipelines.universal/Runtime/Materials/Sprite-Lit-Default.mat
  artifactKey: Guid(a97c105638bdf8b4a8650670310a4cd3) Importer(815301076,1909f56bfc062723c751e8b465ee728b)
Start importing Packages/com.unity.render-pipelines.universal/Runtime/Materials/Sprite-Lit-Default.mat using Guid(a97c105638bdf8b4a8650670310a4cd3) Importer(815301076,1909f56bfc062723c751e8b465ee728b)  -> (artifact id: '71241702cf4e698d035896d21fafc0fc') in 0.033019 seconds
  Import took 0.040029 seconds .

========================================================================
Received Import Request.
  Time since last request: 0.000271 seconds.
  path: Packages/com.unity.render-pipelines.universal/Runtime/Materials/Lit.mat
  artifactKey: Guid(31321ba15b8f8eb4c954353edc038b1d) Importer(815301076,1909f56bfc062723c751e8b465ee728b)
Start importing Packages/com.unity.render-pipelines.universal/Runtime/Materials/Lit.mat using Guid(31321ba15b8f8eb4c954353edc038b1d) Importer(815301076,1909f56bfc062723c751e8b465ee728b)  -> (artifact id: '5e152b83e6ef52b8b2034b5fa8ad0bb3') in 0.011622 seconds
  Import took 0.017919 seconds .

========================================================================
Received Import Request.
  Time since last request: 15.770696 seconds.
  path: Assets/Materials
  artifactKey: Guid(3b7b0de42365649428925c6eaa7ad3c6) Importer(815301076,1909f56bfc062723c751e8b465ee728b)
Start importing Assets/Materials using Guid(3b7b0de42365649428925c6eaa7ad3c6) Importer(815301076,1909f56bfc062723c751e8b465ee728b)  -> (artifact id: 'fba725efe0e12f2f915614d91d6c2d9a') in 0.009064 seconds
  Import took 0.016389 seconds .

========================================================================
Received Import Request.
  Time since last request: 9.919116 seconds.
  path: Assets/Materials/New Material.mat
  artifactKey: Guid(92a5abbf0063f1343ae6d463a497e5fc) Importer(815301076,1909f56bfc062723c751e8b465ee728b)
Start importing Assets/Materials/New Material.mat using Guid(92a5abbf0063f1343ae6d463a497e5fc) Importer(815301076,1909f56bfc062723c751e8b465ee728b)  -> (artifact id: '6369048869774b84659360dc7540d757') in 0.017510 seconds
  Import took 0.024813 seconds .

========================================================================
Received Prepare
Registering precompiled user dll's ...
Registered in 0.003517 seconds.
Begin MonoManager ReloadAssembly
Native extension for WindowsStandalone target not found
Refreshing native plugins compatible for Editor in 93.29 ms, found 1 plugins.
Preloading 0 native plugins for Editor in 0.00 ms.
Invoked RoslynAnalysisRunner static constructor.
RoslynAnalysisRunner will not be running.
RoslynAnalysisRunner has terminated.
Mono: successfully reloaded assembly
- Completed reload, in  1.376 seconds
Platform modules already initialized, skipping
Shader 'Universal Render Pipeline/Particles/Lit': fallback shader 'Universal Render Pipeline/Particles/SimpleLit' not found
Refreshing native plugins compatible for Editor in 1.12 ms, found 1 plugins.
Preloading 0 native plugins for Editor in 0.00 ms.
Unloading 3126 Unused Serialized files (Serialized files now loaded: 0)
System memory in use before: 135.9 MB.
System memory in use after: 136.0 MB.

Unloading 62 unused Assets to reduce memory usage. Loaded Objects now: 3705.
Total: 5.214100 ms (FindLiveObjects: 1.073300 ms CreateObjectMapping: 0.323500 ms MarkObjects: 3.067900 ms  DeleteObjects: 0.746500 ms)

AssetImportParameters requested are different than current active one (requested -> active):
  custom:srp/default-shader: 0000e00a000e0de00000e000e02d0000 -> 00a0da0d000000000000000000000000
AssetImportWorkerClient::OnTransportError - code=2 error=End of file
