Using pre-set license
Built from '2020.2/staging' branch; Version is '2020.2.5f1 (e2c53f129de5) revision 14861631'; Using compiler version '192528614'; Build Type 'Release'
OS: 'Windows 10 Pro; OS build 19042.928; Version 2009; 64bit' Language: 'en' Physical Memory: 16383 MB
BatchMode: 1, IsHumanControllingUs: 0, StartBugReporterOnCrash: 0, Is64bit: 1, IsPro: 0

 COMMAND LINE ARGUMENTS:
C:\Program Files\Unity\Hub\Editor\2020.2.5f1\Editor\Unity.exe
-adb2
-batchMode
-noUpm
-name
AssetImportWorker2
-projectPath
C:/Users/Ohdeymus/Documents/Unity/Ludum Dare 48
-logFile
Logs/AssetImportWorker2.log
-srvPort
51744
Successfully changed project path to: C:/Users/Ohdeymus/Documents/Unity/Ludum Dare 48
C:/Users/Ohdeymus/Documents/Unity/Ludum Dare 48
Using Asset Import Pipeline V2.
Refreshing native plugins compatible for Editor in 61.48 ms, found 1 plugins.
Preloading 0 native plugins for Editor in 0.00 ms.
Initialize engine version: 2020.2.5f1 (e2c53f129de5)
[Subsystems] Discovering subsystems at path C:/Program Files/Unity/Hub/Editor/2020.2.5f1/Editor/Data/Resources/UnitySubsystems
[Subsystems] Discovering subsystems at path C:/Users/Ohdeymus/Documents/Unity/Ludum Dare 48/Assets
GfxDevice: creating device client; threaded=0
Direct3D:
    Version:  Direct3D 11.0 [level 11.1]
    Renderer: NVIDIA GeForce GTX 1060 6GB (ID=0x1c03)
    Vendor:   
    VRAM:     6052 MB
    Driver:   27.21.14.6192
Initialize mono
Mono path[0] = 'C:/Program Files/Unity/Hub/Editor/2020.2.5f1/Editor/Data/Managed'
Mono path[1] = 'C:/Program Files/Unity/Hub/Editor/2020.2.5f1/Editor/Data/MonoBleedingEdge/lib/mono/unityjit'
Mono config path = 'C:/Program Files/Unity/Hub/Editor/2020.2.5f1/Editor/Data/MonoBleedingEdge/etc'
Using monoOptions --debugger-agent=transport=dt_socket,embedding=1,server=y,suspend=n,address=127.0.0.1:56296
Begin MonoManager ReloadAssembly
Registering precompiled unity dll's ...
Register platform support module: C:/Program Files/Unity/Hub/Editor/2020.2.5f1/Editor/Data/PlaybackEngines/WindowsStandaloneSupport/UnityEditor.WindowsStandalone.Extensions.dll
Registered in 0.003853 seconds.
Native extension for WindowsStandalone target not found
Refreshing native plugins compatible for Editor in 68.49 ms, found 1 plugins.
Preloading 0 native plugins for Editor in 0.00 ms.
Invoked RoslynAnalysisRunner static constructor.
RoslynAnalysisRunner will not be running.
RoslynAnalysisRunner has terminated.
Mono: successfully reloaded assembly
- Completed reload, in  7.029 seconds
Platform modules already initialized, skipping
Registering precompiled user dll's ...
Registered in 0.002550 seconds.
Begin MonoManager ReloadAssembly
Native extension for WindowsStandalone target not found
Refreshing native plugins compatible for Editor in 69.08 ms, found 1 plugins.
Preloading 0 native plugins for Editor in 0.00 ms.
Invoked RoslynAnalysisRunner static constructor.
RoslynAnalysisRunner will not be running.
RoslynAnalysisRunner has terminated.
Mono: successfully reloaded assembly
- Completed reload, in  2.100 seconds
Platform modules already initialized, skipping
========================================================================
Worker process is ready to serve import requests
Launched and connected shader compiler UnityShaderCompiler.exe after 0.19 seconds
Refreshing native plugins compatible for Editor in 0.76 ms, found 1 plugins.
Preloading 0 native plugins for Editor in 0.00 ms.
Unloading 1796 Unused Serialized files (Serialized files now loaded: 0)
System memory in use before: 84.3 MB.
System memory in use after: 84.2 MB.

Unloading 24 unused Assets to reduce memory usage. Loaded Objects now: 2237.
Total: 3.936400 ms (FindLiveObjects: 0.509200 ms CreateObjectMapping: 0.183400 ms MarkObjects: 3.026000 ms  DeleteObjects: 0.216400 ms)

========================================================================
Received Import Request.
  path: Assets
  artifactKey: Guid(00000000000000001000000000000000) Importer(815301076,1909f56bfc062723c751e8b465ee728b)
Start importing Assets using Guid(00000000000000001000000000000000) Importer(815301076,1909f56bfc062723c751e8b465ee728b)  -> (artifact id: '29f2a2471e7245fbc0aa931fa5cf45b7') in 0.023964 seconds
  Import took 0.049902 seconds .

========================================================================
Received Prepare
Registering precompiled user dll's ...
Registered in 0.003371 seconds.
Begin MonoManager ReloadAssembly
Native extension for WindowsStandalone target not found
Refreshing native plugins compatible for Editor in 83.16 ms, found 1 plugins.
Preloading 0 native plugins for Editor in 0.00 ms.
Invoked RoslynAnalysisRunner static constructor.
RoslynAnalysisRunner will not be running.
RoslynAnalysisRunner has terminated.
Mono: successfully reloaded assembly
- Completed reload, in  4.156 seconds
Platform modules already initialized, skipping
Shader 'Universal Render Pipeline/Nature/SpeedTree7': dependency 'BillboardShader' shader 'Universal Render Pipeline/Nature/SpeedTree7 Billboard' not found
Shader 'Universal Render Pipeline/Baked Lit': fallback shader 'Universal Render Pipeline/Unlit' not found
Shader 'Universal Render Pipeline/Simple Lit': fallback shader 'Hidden/Universal Render Pipeline/FallbackError' not found
Shader 'Universal Render Pipeline/Terrain/Lit': fallback shader 'Hidden/Universal Render Pipeline/FallbackError' not found
Shader 'Universal Render Pipeline/Terrain/Lit': dependency 'AddPassShader' shader 'Hidden/Universal Render Pipeline/Terrain/Lit (Add Pass)' not found
Shader 'Universal Render Pipeline/Terrain/Lit': dependency 'BaseMapShader' shader 'Hidden/Universal Render Pipeline/Terrain/Lit (Base Pass)' not found
Shader 'Universal Render Pipeline/Terrain/Lit': dependency 'BaseMapGenShader' shader 'Hidden/Universal Render Pipeline/Terrain/Lit (Basemap Gen)' not found
Shader 'Hidden/Universal Render Pipeline/Terrain/Lit (Add Pass)': fallback shader 'Hidden/Universal Render Pipeline/FallbackError' not found
Shader 'Hidden/Universal Render Pipeline/Terrain/Lit (Base Pass)': fallback shader 'Hidden/Universal Render Pipeline/FallbackError' not found
Shader 'Universal Render Pipeline/Particles/Lit': fallback shader 'Universal Render Pipeline/Particles/SimpleLit' not found
Shader 'Universal Render Pipeline/Particles/Lit': fallback shader 'Universal Render Pipeline/Particles/SimpleLit' not found
Refreshing native plugins compatible for Editor in 0.94 ms, found 1 plugins.
Preloading 0 native plugins for Editor in 0.00 ms.
Unloading 2884 Unused Serialized files (Serialized files now loaded: 0)
System memory in use before: 122.1 MB.
System memory in use after: 118.5 MB.

Unloading 69 unused Assets to reduce memory usage. Loaded Objects now: 3276.
Total: 7.038100 ms (FindLiveObjects: 0.580800 ms CreateObjectMapping: 0.153800 ms MarkObjects: 3.192100 ms  DeleteObjects: 3.109500 ms)

========================================================================
Received Import Request.
  Time since last request: 491.907481 seconds.
  path: Assets/RenderSettings/UniversalRenderPipelineAsset.asset
  artifactKey: Guid(37431e4c34deccd4aa4b8c33034db68f) Importer(815301076,1909f56bfc062723c751e8b465ee728b)
Start importing Assets/RenderSettings/UniversalRenderPipelineAsset.asset using Guid(37431e4c34deccd4aa4b8c33034db68f) Importer(815301076,1909f56bfc062723c751e8b465ee728b)  -> (artifact id: '643c4af6b2c172e69dbeea85f62dfbd0') in 0.142820 seconds
  Import took 0.152264 seconds .

========================================================================
Received Import Request.
  Time since last request: 0.000223 seconds.
  path: Assets/RenderSettings/UniversalRenderPipelineAsset_Renderer.asset
  artifactKey: Guid(a606a3059e0e8604c99ce75af87a2436) Importer(815301076,1909f56bfc062723c751e8b465ee728b)
Start importing Assets/RenderSettings/UniversalRenderPipelineAsset_Renderer.asset using Guid(a606a3059e0e8604c99ce75af87a2436) Importer(815301076,1909f56bfc062723c751e8b465ee728b)  -> (artifact id: '634c12eda372ea14b7bd10d824412506') in 0.066462 seconds
  Import took 0.074097 seconds .

========================================================================
Received Prepare
Switching render pipeline 00000000000000000000000000000000 -> 37431e4c34deccd4aa4b8c33034db68f
Shader 'Universal Render Pipeline/Particles/Lit': fallback shader 'Universal Render Pipeline/Particles/SimpleLit' not found
Shader 'Universal Render Pipeline/Particles/Lit': fallback shader 'Universal Render Pipeline/Particles/SimpleLit' not found
Refreshing native plugins compatible for Editor in 3.91 ms, found 1 plugins.
Preloading 0 native plugins for Editor in 0.00 ms.
Unloading 68 Unused Serialized files (Serialized files now loaded: 0)
System memory in use before: 66.9 MB.
System memory in use after: 64.3 MB.

Unloading 47 unused Assets to reduce memory usage. Loaded Objects now: 3297.
Total: 6.695300 ms (FindLiveObjects: 0.606300 ms CreateObjectMapping: 0.146700 ms MarkObjects: 3.243600 ms  DeleteObjects: 2.697300 ms)

========================================================================
Received Import Request.
  Time since last request: 7.919580 seconds.
  path: Assets/RenderSettings/UniversalRenderPipelineAsset.asset
  artifactKey: Guid(37431e4c34deccd4aa4b8c33034db68f) Importer(815301076,1909f56bfc062723c751e8b465ee728b)
Start importing Assets/RenderSettings/UniversalRenderPipelineAsset.asset using Guid(37431e4c34deccd4aa4b8c33034db68f) Importer(815301076,1909f56bfc062723c751e8b465ee728b)  -> (artifact id: '774664f7995041c845264f9b554863eb') in 0.005691 seconds
  Import took 0.011933 seconds .

========================================================================
Received Import Request.
  Time since last request: 6.815818 seconds.
  path: Assets/RenderSettings/New 2D Renderer Data.asset
  artifactKey: Guid(a9bf0ca764bd3ea4e8371d24a1bd5f98) Importer(815301076,1909f56bfc062723c751e8b465ee728b)
Start importing Assets/RenderSettings/New 2D Renderer Data.asset using Guid(a9bf0ca764bd3ea4e8371d24a1bd5f98) Importer(815301076,1909f56bfc062723c751e8b465ee728b)  -> (artifact id: '11d4169c866bb62fb005cbe210aca9f0') in 0.052585 seconds
  Import took 0.060160 seconds .

========================================================================
Received Import Request.
  Time since last request: 3.024623 seconds.
  path: Assets/RenderSettings/2D Renderer Data.asset
  artifactKey: Guid(a9bf0ca764bd3ea4e8371d24a1bd5f98) Importer(815301076,1909f56bfc062723c751e8b465ee728b)
Start importing Assets/RenderSettings/2D Renderer Data.asset using Guid(a9bf0ca764bd3ea4e8371d24a1bd5f98) Importer(815301076,1909f56bfc062723c751e8b465ee728b)  -> (artifact id: '8d370a7866837718b7f6d54d6f08cc3d') in 0.047205 seconds
  Import took 0.054815 seconds .

========================================================================
Received Prepare
Switching render pipeline 00000000000000000000000000000000 -> 37431e4c34deccd4aa4b8c33034db68f
Shader 'Universal Render Pipeline/Particles/Lit': fallback shader 'Universal Render Pipeline/Particles/SimpleLit' not found
Shader 'Universal Render Pipeline/Particles/Lit': fallback shader 'Universal Render Pipeline/Particles/SimpleLit' not found
Refreshing native plugins compatible for Editor in 3.96 ms, found 1 plugins.
Preloading 0 native plugins for Editor in 0.00 ms.
Unloading 47 Unused Serialized files (Serialized files now loaded: 0)
System memory in use before: 65.3 MB.
System memory in use after: 63.0 MB.

Unloading 46 unused Assets to reduce memory usage. Loaded Objects now: 3299.
Total: 7.001700 ms (FindLiveObjects: 0.637100 ms CreateObjectMapping: 0.157900 ms MarkObjects: 3.585800 ms  DeleteObjects: 2.619000 ms)

AssetImportParameters requested are different than current active one (requested -> active):
  custom:srp/default-shader: 0000e00a000e0de00000e000e02d0000 -> 0000e00a000e0de00000e000e0000000
========================================================================
Received Import Request.
  Time since last request: 101.199682 seconds.
  path: Assets/Scenes
  artifactKey: Guid(8f612c8ac71e5ef488398b5abce22038) Importer(815301076,1909f56bfc062723c751e8b465ee728b)
Start importing Assets/Scenes using Guid(8f612c8ac71e5ef488398b5abce22038) Importer(815301076,1909f56bfc062723c751e8b465ee728b)  -> (artifact id: '0158bbee1a97aec8bdc9012f2fcb0350') in 0.016681 seconds
  Import took 0.023080 seconds .

========================================================================
Received Import Request.
  Time since last request: 0.608202 seconds.
  path: Assets/Scenes/SampleScene.unity
  artifactKey: Guid(2cda990e2423bbf4892e6590ba056729) Importer(815301076,1909f56bfc062723c751e8b465ee728b)
Start importing Assets/Scenes/SampleScene.unity using Guid(2cda990e2423bbf4892e6590ba056729) Importer(815301076,1909f56bfc062723c751e8b465ee728b)  -> (artifact id: '71d3a0f0352c0e988681265e1ca1811d') in 0.016568 seconds
  Import took 0.022867 seconds .

========================================================================
Received Import Request.
  Time since last request: 8.239709 seconds.
  path: Assets/Scenes/MainScene.unity
  artifactKey: Guid(2cda990e2423bbf4892e6590ba056729) Importer(815301076,1909f56bfc062723c751e8b465ee728b)
Start importing Assets/Scenes/MainScene.unity using Guid(2cda990e2423bbf4892e6590ba056729) Importer(815301076,1909f56bfc062723c751e8b465ee728b)  -> (artifact id: 'cd46d8492572802feac5189b54a4cd05') in 0.018465 seconds
  Import took 0.024600 seconds .

AssetImportWorkerClient::OnTransportError - code=2 error=End of file
